2018-09-14 10:04:08,715 INFO [org.springframework.web.context.ContextLoader.initWebApplicationContext] - Root WebApplicationContext: initialization started
2018-09-14 10:04:08,801 INFO [org.springframework.web.context.support.XmlWebApplicationContext.prepareRefresh] - Refreshing Root WebApplicationContext: startup date [Fri Sep 14 10:04:08 CST 2018]; root of context hierarchy
2018-09-14 10:04:08,846 INFO [org.springframework.beans.factory.xml.XmlBeanDefinitionReader.loadBeanDefinitions] - Loading XML bean definitions from class path resource [spring-context.xml]
2018-09-14 10:04:09,654 INFO [org.springframework.beans.factory.annotation.AutowiredAnnotationBeanPostProcessor.<init>] - JSR-330 'javax.inject.Inject' annotation found and supported for autowiring
2018-09-14 10:04:09,769 INFO [com.mchange.v2.log.MLog.log] - MLog clients using slf4j logging.
2018-09-14 10:04:09,869 INFO [com.mchange.v2.c3p0.C3P0Registry.log] - Initializing c3p0-0.9.5.2 [built 08-December-2015 22:06:04 -0800; debug? true; trace: 10]
2018-09-14 10:04:10,799 INFO [org.springframework.web.context.ContextLoader.initWebApplicationContext] - Root WebApplicationContext: initialization completed in 2082 ms
2018-09-14 10:04:10,827 INFO [org.springframework.web.servlet.DispatcherServlet.initServletBean] - FrameworkServlet 'spring-mvc': initialization started
2018-09-14 10:04:10,830 INFO [org.springframework.web.context.support.XmlWebApplicationContext.prepareRefresh] - Refreshing WebApplicationContext for namespace 'spring-mvc-servlet': startup date [Fri Sep 14 10:04:10 CST 2018]; parent: Root WebApplicationContext
2018-09-14 10:04:10,830 INFO [org.springframework.beans.factory.xml.XmlBeanDefinitionReader.loadBeanDefinitions] - Loading XML bean definitions from class path resource [spring-mvc.xml]
2018-09-14 10:04:11,016 INFO [org.springframework.beans.factory.annotation.AutowiredAnnotationBeanPostProcessor.<init>] - JSR-330 'javax.inject.Inject' annotation found and supported for autowiring
2018-09-14 10:04:11,224 INFO [org.springframework.web.servlet.mvc.method.annotation.RequestMappingHandlerMapping.register] - Mapped "{[/login]}" onto public java.lang.String com.ssm.controller.LoginController.login(java.lang.String,java.lang.String)
2018-09-14 10:04:11,225 INFO [org.springframework.web.servlet.mvc.method.annotation.RequestMappingHandlerMapping.register] - Mapped "{[/hello]}" onto public java.lang.String com.ssm.controller.LoginController.hello()
2018-09-14 10:04:11,232 INFO [org.springframework.web.servlet.mvc.method.annotation.RequestMappingHandlerMapping.register] - Mapped "{[/UserCRUD/addUser],methods=[GET]}" onto public org.springframework.ui.ModelMap com.ssm.controller.UserController.addUser(java.lang.String,java.lang.String,int)
2018-09-14 10:04:11,232 INFO [org.springframework.web.servlet.mvc.method.annotation.RequestMappingHandlerMapping.register] - Mapped "{[/UserCRUD/showUser],methods=[GET]}" onto public java.util.List<com.ssm.domain.User> com.ssm.controller.UserController.showUsers(org.springframework.ui.Model)
2018-09-14 10:04:11,233 INFO [org.springframework.web.servlet.mvc.method.annotation.RequestMappingHandlerMapping.register] - Mapped "{[/UserCRUD/delUser/{userID}],methods=[GET]}" onto public java.util.List<com.ssm.domain.User> com.ssm.controller.UserController.delUser(int)
2018-09-14 10:04:11,235 INFO [org.springframework.web.servlet.mvc.method.annotation.RequestMappingHandlerMapping.register] - Mapped "{[/UserCRUD/editUser],methods=[POST]}" onto public org.springframework.web.servlet.ModelAndView com.ssm.controller.UserController.editUser(java.lang.String,java.lang.String,int,int)
2018-09-14 10:04:11,236 INFO [org.springframework.web.servlet.mvc.method.annotation.RequestMappingHandlerMapping.register] - Mapped "{[/UserCRUD/search],methods=[POST]}" onto public java.util.List<com.ssm.domain.User> com.ssm.controller.UserController.findUsers(org.springframework.ui.Model,java.lang.String)
2018-09-14 10:04:11,572 INFO [org.springframework.web.servlet.mvc.method.annotation.RequestMappingHandlerAdapter.initControllerAdviceCache] - Looking for @ControllerAdvice: WebApplicationContext for namespace 'spring-mvc-servlet': startup date [Fri Sep 14 10:04:10 CST 2018]; parent: Root WebApplicationContext
2018-09-14 10:04:11,649 INFO [org.springframework.web.servlet.mvc.method.annotation.RequestMappingHandlerAdapter.initControllerAdviceCache] - Looking for @ControllerAdvice: WebApplicationContext for namespace 'spring-mvc-servlet': startup date [Fri Sep 14 10:04:10 CST 2018]; parent: Root WebApplicationContext
2018-09-14 10:04:11,843 INFO [org.springframework.web.servlet.DispatcherServlet.initServletBean] - FrameworkServlet 'spring-mvc': initialization completed in 1016 ms
2018-09-14 10:06:55,532 INFO [org.springframework.web.context.ContextLoader.initWebApplicationContext] - Root WebApplicationContext: initialization started
2018-09-14 10:06:55,603 INFO [org.springframework.web.context.support.XmlWebApplicationContext.prepareRefresh] - Refreshing Root WebApplicationContext: startup date [Fri Sep 14 10:06:55 CST 2018]; root of context hierarchy
2018-09-14 10:06:55,651 INFO [org.springframework.beans.factory.xml.XmlBeanDefinitionReader.loadBeanDefinitions] - Loading XML bean definitions from class path resource [spring-context.xml]
2018-09-14 10:06:56,175 INFO [org.springframework.beans.factory.annotation.AutowiredAnnotationBeanPostProcessor.<init>] - JSR-330 'javax.inject.Inject' annotation found and supported for autowiring
2018-09-14 10:06:56,277 INFO [com.mchange.v2.log.MLog.log] - MLog clients using slf4j logging.
2018-09-14 10:06:56,344 INFO [com.mchange.v2.c3p0.C3P0Registry.log] - Initializing c3p0-0.9.5.2 [built 08-December-2015 22:06:04 -0800; debug? true; trace: 10]
2018-09-14 10:06:57,331 INFO [org.springframework.web.context.ContextLoader.initWebApplicationContext] - Root WebApplicationContext: initialization completed in 1786 ms
2018-09-14 10:06:57,355 INFO [org.springframework.web.servlet.DispatcherServlet.initServletBean] - FrameworkServlet 'spring-mvc': initialization started
2018-09-14 10:06:57,358 INFO [org.springframework.web.context.support.XmlWebApplicationContext.prepareRefresh] - Refreshing WebApplicationContext for namespace 'spring-mvc-servlet': startup date [Fri Sep 14 10:06:57 CST 2018]; parent: Root WebApplicationContext
2018-09-14 10:06:57,358 INFO [org.springframework.beans.factory.xml.XmlBeanDefinitionReader.loadBeanDefinitions] - Loading XML bean definitions from class path resource [spring-mvc.xml]
2018-09-14 10:06:57,524 INFO [org.springframework.beans.factory.annotation.AutowiredAnnotationBeanPostProcessor.<init>] - JSR-330 'javax.inject.Inject' annotation found and supported for autowiring
2018-09-14 10:06:57,696 INFO [org.springframework.web.servlet.mvc.method.annotation.RequestMappingHandlerMapping.register] - Mapped "{[/login]}" onto public java.lang.String com.ssm.controller.LoginController.login(java.lang.String,java.lang.String)
2018-09-14 10:06:57,699 INFO [org.springframework.web.servlet.mvc.method.annotation.RequestMappingHandlerMapping.register] - Mapped "{[/hello]}" onto public java.lang.String com.ssm.controller.LoginController.hello()
2018-09-14 10:06:57,705 INFO [org.springframework.web.servlet.mvc.method.annotation.RequestMappingHandlerMapping.register] - Mapped "{[/UserCRUD/addUser],methods=[GET]}" onto public org.springframework.ui.ModelMap com.ssm.controller.UserController.addUser(java.lang.String,java.lang.String,int)
2018-09-14 10:06:57,707 INFO [org.springframework.web.servlet.mvc.method.annotation.RequestMappingHandlerMapping.register] - Mapped "{[/UserCRUD/search],methods=[POST]}" onto public java.util.List<com.ssm.domain.User> com.ssm.controller.UserController.findUsers(org.springframework.ui.Model,java.lang.String)
2018-09-14 10:06:57,713 INFO [org.springframework.web.servlet.mvc.method.annotation.RequestMappingHandlerMapping.register] - Mapped "{[/UserCRUD/editUser],methods=[POST]}" onto public org.springframework.web.servlet.ModelAndView com.ssm.controller.UserController.editUser(java.lang.String,java.lang.String,int,int)
2018-09-14 10:06:57,717 INFO [org.springframework.web.servlet.mvc.method.annotation.RequestMappingHandlerMapping.register] - Mapped "{[/UserCRUD/showUser],methods=[GET]}" onto public java.util.List<com.ssm.domain.User> com.ssm.controller.UserController.showUsers(org.springframework.ui.Model)
2018-09-14 10:06:57,718 INFO [org.springframework.web.servlet.mvc.method.annotation.RequestMappingHandlerMapping.register] - Mapped "{[/UserCRUD/delUser/{userID}],methods=[GET]}" onto public java.util.List<com.ssm.domain.User> com.ssm.controller.UserController.delUser(int)
2018-09-14 10:06:58,007 INFO [org.springframework.web.servlet.mvc.method.annotation.RequestMappingHandlerAdapter.initControllerAdviceCache] - Looking for @ControllerAdvice: WebApplicationContext for namespace 'spring-mvc-servlet': startup date [Fri Sep 14 10:06:57 CST 2018]; parent: Root WebApplicationContext
2018-09-14 10:06:58,080 INFO [org.springframework.web.servlet.mvc.method.annotation.RequestMappingHandlerAdapter.initControllerAdviceCache] - Looking for @ControllerAdvice: WebApplicationContext for namespace 'spring-mvc-servlet': startup date [Fri Sep 14 10:06:57 CST 2018]; parent: Root WebApplicationContext
2018-09-14 10:06:58,256 INFO [org.springframework.web.servlet.DispatcherServlet.initServletBean] - FrameworkServlet 'spring-mvc': initialization completed in 901 ms
2018-09-14 10:08:09,788 INFO [com.mchange.v2.c3p0.impl.AbstractPoolBackedDataSource.log] - Initializing c3p0 pool... com.mchange.v2.c3p0.ComboPooledDataSource [ acquireIncrement -> 1, acquireRetryAttempts -> 30, acquireRetryDelay -> 1000, autoCommitOnClose -> false, automaticTestTable -> null, breakAfterAcquireFailure -> false, checkoutTimeout -> 0, connectionCustomizerClassName -> null, connectionTesterClassName -> com.mchange.v2.c3p0.impl.DefaultConnectionTester, contextClassLoaderSource -> caller, dataSourceName -> 1hgevb59x1nbwe9u1qty00w|7e3cea87, debugUnreturnedConnectionStackTraces -> false, description -> null, driverClass -> com.mysql.jdbc.Driver, extensions -> {}, factoryClassLocation -> null, forceIgnoreUnresolvedTransactions -> false, forceSynchronousCheckins -> false, forceUseNamedDriverClass -> false, identityToken -> 1hgevb59x1nbwe9u1qty00w|7e3cea87, idleConnectionTestPeriod -> 0, initialPoolSize -> 5, jdbcUrl -> jdbc:mysql://127.0.0.1:3306/test?useUnicode=true&characterEncoding=utf8, maxAdministrativeTaskTime -> 0, maxConnectionAge -> 0, maxIdleTime -> 0, maxIdleTimeExcessConnections -> 0, maxPoolSize -> 20, maxStatements -> 0, maxStatementsPerConnection -> 0, minPoolSize -> 5, numHelperThreads -> 3, preferredTestQuery -> null, privilegeSpawnedThreads -> false, properties -> {user=******, password=******}, propertyCycle -> 0, statementCacheNumDeferredCloseThreads -> 0, testConnectionOnCheckin -> false, testConnectionOnCheckout -> false, unreturnedConnectionTimeout -> 0, userOverrides -> {}, usesTraditionalReflectiveProxies -> false ]
2018-09-14 10:10:34,444 WARN [org.springframework.web.servlet.PageNotFound.noHandlerFound] - No mapping found for HTTP request with URI [/maven_ssm/UserCRUD/getAllUser.do] in DispatcherServlet with name 'spring-mvc'
2018-09-14 10:18:53,657 INFO [org.springframework.web.context.ContextLoader.initWebApplicationContext] - Root WebApplicationContext: initialization started
2018-09-14 10:18:53,716 INFO [org.springframework.web.context.support.XmlWebApplicationContext.prepareRefresh] - Refreshing Root WebApplicationContext: startup date [Fri Sep 14 10:18:53 CST 2018]; root of context hierarchy
2018-09-14 10:18:53,752 INFO [org.springframework.beans.factory.xml.XmlBeanDefinitionReader.loadBeanDefinitions] - Loading XML bean definitions from class path resource [spring-context.xml]
2018-09-14 10:18:54,226 INFO [org.springframework.beans.factory.annotation.AutowiredAnnotationBeanPostProcessor.<init>] - JSR-330 'javax.inject.Inject' annotation found and supported for autowiring
2018-09-14 10:18:54,350 INFO [com.mchange.v2.log.MLog.log] - MLog clients using slf4j logging.
2018-09-14 10:18:54,399 INFO [com.mchange.v2.c3p0.C3P0Registry.log] - Initializing c3p0-0.9.5.2 [built 08-December-2015 22:06:04 -0800; debug? true; trace: 10]
2018-09-14 10:18:55,594 INFO [org.springframework.web.context.ContextLoader.initWebApplicationContext] - Root WebApplicationContext: initialization completed in 1934 ms
2018-09-14 10:18:55,634 INFO [org.springframework.web.servlet.DispatcherServlet.initServletBean] - FrameworkServlet 'spring-mvc': initialization started
2018-09-14 10:18:55,641 INFO [org.springframework.web.context.support.XmlWebApplicationContext.prepareRefresh] - Refreshing WebApplicationContext for namespace 'spring-mvc-servlet': startup date [Fri Sep 14 10:18:55 CST 2018]; parent: Root WebApplicationContext
2018-09-14 10:18:55,642 INFO [org.springframework.beans.factory.xml.XmlBeanDefinitionReader.loadBeanDefinitions] - Loading XML bean definitions from class path resource [spring-mvc.xml]
2018-09-14 10:18:55,844 INFO [org.springframework.beans.factory.annotation.AutowiredAnnotationBeanPostProcessor.<init>] - JSR-330 'javax.inject.Inject' annotation found and supported for autowiring
2018-09-14 10:18:56,183 INFO [org.springframework.web.servlet.mvc.method.annotation.RequestMappingHandlerMapping.register] - Mapped "{[/login]}" onto public java.lang.String com.ssm.controller.LoginController.login(java.lang.String,java.lang.String)
2018-09-14 10:18:56,185 INFO [org.springframework.web.servlet.mvc.method.annotation.RequestMappingHandlerMapping.register] - Mapped "{[/hello]}" onto public java.lang.String com.ssm.controller.LoginController.hello()
2018-09-14 10:18:56,190 INFO [org.springframework.web.servlet.mvc.method.annotation.RequestMappingHandlerMapping.register] - Mapped "{[/UserCRUD/addUser],methods=[GET]}" onto public org.springframework.ui.ModelMap com.ssm.controller.UserController.addUser(java.lang.String,java.lang.String,int)
2018-09-14 10:18:56,191 INFO [org.springframework.web.servlet.mvc.method.annotation.RequestMappingHandlerMapping.register] - Mapped "{[/UserCRUD/editUser],methods=[POST]}" onto public org.springframework.web.servlet.ModelAndView com.ssm.controller.UserController.editUser(java.lang.String,java.lang.String,int,int)
2018-09-14 10:18:56,203 INFO [org.springframework.web.servlet.mvc.method.annotation.RequestMappingHandlerMapping.register] - Mapped "{[/UserCRUD/showUser],methods=[GET]}" onto public java.util.List<com.ssm.domain.User> com.ssm.controller.UserController.showUsers(org.springframework.ui.Model)
2018-09-14 10:18:56,206 INFO [org.springframework.web.servlet.mvc.method.annotation.RequestMappingHandlerMapping.register] - Mapped "{[/UserCRUD/delUser/{userID}],methods=[GET]}" onto public java.util.List<com.ssm.domain.User> com.ssm.controller.UserController.delUser(int)
2018-09-14 10:18:56,211 INFO [org.springframework.web.servlet.mvc.method.annotation.RequestMappingHandlerMapping.register] - Mapped "{[/UserCRUD/search],methods=[POST]}" onto public java.util.List<com.ssm.domain.User> com.ssm.controller.UserController.findUsers(org.springframework.ui.Model,java.lang.String)
2018-09-14 10:18:56,395 INFO [org.springframework.web.servlet.mvc.method.annotation.RequestMappingHandlerAdapter.initControllerAdviceCache] - Looking for @ControllerAdvice: WebApplicationContext for namespace 'spring-mvc-servlet': startup date [Fri Sep 14 10:18:55 CST 2018]; parent: Root WebApplicationContext
2018-09-14 10:18:56,483 INFO [org.springframework.web.servlet.mvc.method.annotation.RequestMappingHandlerAdapter.initControllerAdviceCache] - Looking for @ControllerAdvice: WebApplicationContext for namespace 'spring-mvc-servlet': startup date [Fri Sep 14 10:18:55 CST 2018]; parent: Root WebApplicationContext
2018-09-14 10:18:56,802 INFO [org.springframework.web.servlet.DispatcherServlet.initServletBean] - FrameworkServlet 'spring-mvc': initialization completed in 1165 ms
2018-09-14 10:19:09,447 INFO [com.mchange.v2.c3p0.impl.AbstractPoolBackedDataSource.log] - Initializing c3p0 pool... com.mchange.v2.c3p0.ComboPooledDataSource [ acquireIncrement -> 1, acquireRetryAttempts -> 30, acquireRetryDelay -> 1000, autoCommitOnClose -> false, automaticTestTable -> null, breakAfterAcquireFailure -> false, checkoutTimeout -> 0, connectionCustomizerClassName -> null, connectionTesterClassName -> com.mchange.v2.c3p0.impl.DefaultConnectionTester, contextClassLoaderSource -> caller, dataSourceName -> 1hgevb59x1ncbsc36qt5zd|8faa143, debugUnreturnedConnectionStackTraces -> false, description -> null, driverClass -> com.mysql.jdbc.Driver, extensions -> {}, factoryClassLocation -> null, forceIgnoreUnresolvedTransactions -> false, forceSynchronousCheckins -> false, forceUseNamedDriverClass -> false, identityToken -> 1hgevb59x1ncbsc36qt5zd|8faa143, idleConnectionTestPeriod -> 0, initialPoolSize -> 5, jdbcUrl -> jdbc:mysql://127.0.0.1:3306/test?useUnicode=true&characterEncoding=utf8, maxAdministrativeTaskTime -> 0, maxConnectionAge -> 0, maxIdleTime -> 0, maxIdleTimeExcessConnections -> 0, maxPoolSize -> 20, maxStatements -> 0, maxStatementsPerConnection -> 0, minPoolSize -> 5, numHelperThreads -> 3, preferredTestQuery -> null, privilegeSpawnedThreads -> false, properties -> {user=******, password=******}, propertyCycle -> 0, statementCacheNumDeferredCloseThreads -> 0, testConnectionOnCheckin -> false, testConnectionOnCheckout -> false, unreturnedConnectionTimeout -> 0, userOverrides -> {}, usesTraditionalReflectiveProxies -> false ]
2018-09-14 10:25:06,742 INFO [org.springframework.web.context.ContextLoader.initWebApplicationContext] - Root WebApplicationContext: initialization started
2018-09-14 10:25:06,805 INFO [org.springframework.web.context.support.XmlWebApplicationContext.prepareRefresh] - Refreshing Root WebApplicationContext: startup date [Fri Sep 14 10:25:06 CST 2018]; root of context hierarchy
2018-09-14 10:25:06,842 INFO [org.springframework.beans.factory.xml.XmlBeanDefinitionReader.loadBeanDefinitions] - Loading XML bean definitions from class path resource [spring-context.xml]
2018-09-14 10:25:07,093 INFO [org.springframework.beans.factory.support.DefaultListableBeanFactory.registerBeanDefinition] - Overriding bean definition for bean 'redisCacheConfig' with a different definition: replacing [Generic bean: class [com.ssm.utils.RedisCacheConfig]; scope=singleton; abstract=false; lazyInit=false; autowireMode=0; dependencyCheck=0; autowireCandidate=true; primary=false; factoryBeanName=null; factoryMethodName=null; initMethodName=null; destroyMethodName=null; defined in file [D:\workspace\maven_ssm\target\classes\com\ssm\utils\RedisCacheConfig.class]] with [Generic bean: class [com.ssm.utils.RedisCacheConfig]; scope=; abstract=false; lazyInit=false; autowireMode=0; dependencyCheck=0; autowireCandidate=true; primary=false; factoryBeanName=null; factoryMethodName=null; initMethodName=null; destroyMethodName=null; defined in class path resource [spring-context.xml]]
2018-09-14 10:25:07,391 INFO [org.springframework.beans.factory.annotation.AutowiredAnnotationBeanPostProcessor.<init>] - JSR-330 'javax.inject.Inject' annotation found and supported for autowiring
2018-09-14 10:25:08,121 INFO [com.mchange.v2.log.MLog.log] - MLog clients using slf4j logging.
2018-09-14 10:25:08,168 INFO [com.mchange.v2.c3p0.C3P0Registry.log] - Initializing c3p0-0.9.5.2 [built 08-December-2015 22:06:04 -0800; debug? true; trace: 10]
2018-09-14 10:25:08,657 INFO [org.springframework.web.context.ContextLoader.initWebApplicationContext] - Root WebApplicationContext: initialization completed in 1912 ms
2018-09-14 10:25:08,679 INFO [org.springframework.web.servlet.DispatcherServlet.initServletBean] - FrameworkServlet 'spring-mvc': initialization started
2018-09-14 10:25:08,682 INFO [org.springframework.web.context.support.XmlWebApplicationContext.prepareRefresh] - Refreshing WebApplicationContext for namespace 'spring-mvc-servlet': startup date [Fri Sep 14 10:25:08 CST 2018]; parent: Root WebApplicationContext
2018-09-14 10:25:08,682 INFO [org.springframework.beans.factory.xml.XmlBeanDefinitionReader.loadBeanDefinitions] - Loading XML bean definitions from class path resource [spring-mvc.xml]
2018-09-14 10:25:08,839 INFO [org.springframework.beans.factory.annotation.AutowiredAnnotationBeanPostProcessor.<init>] - JSR-330 'javax.inject.Inject' annotation found and supported for autowiring
2018-09-14 10:25:09,043 INFO [org.springframework.web.servlet.mvc.method.annotation.RequestMappingHandlerMapping.register] - Mapped "{[/login]}" onto public java.lang.String com.ssm.controller.LoginController.login(java.lang.String,java.lang.String)
2018-09-14 10:25:09,044 INFO [org.springframework.web.servlet.mvc.method.annotation.RequestMappingHandlerMapping.register] - Mapped "{[/hello]}" onto public java.lang.String com.ssm.controller.LoginController.hello()
2018-09-14 10:25:09,049 INFO [org.springframework.web.servlet.mvc.method.annotation.RequestMappingHandlerMapping.register] - Mapped "{[/UserCRUD/editUser],methods=[POST]}" onto public org.springframework.web.servlet.ModelAndView com.ssm.controller.UserController.editUser(java.lang.String,java.lang.String,int,int)
2018-09-14 10:25:09,053 INFO [org.springframework.web.servlet.mvc.method.annotation.RequestMappingHandlerMapping.register] - Mapped "{[/UserCRUD/search],methods=[POST]}" onto public java.util.List<com.ssm.domain.User> com.ssm.controller.UserController.findUsers(org.springframework.ui.Model,java.lang.String)
2018-09-14 10:25:09,058 INFO [org.springframework.web.servlet.mvc.method.annotation.RequestMappingHandlerMapping.register] - Mapped "{[/UserCRUD/addUser],methods=[GET]}" onto public org.springframework.ui.ModelMap com.ssm.controller.UserController.addUser(java.lang.String,java.lang.String,int)
2018-09-14 10:25:09,064 INFO [org.springframework.web.servlet.mvc.method.annotation.RequestMappingHandlerMapping.register] - Mapped "{[/UserCRUD/showUser],methods=[GET]}" onto public java.util.List<com.ssm.domain.User> com.ssm.controller.UserController.showUsers(org.springframework.ui.Model)
2018-09-14 10:25:09,070 INFO [org.springframework.web.servlet.mvc.method.annotation.RequestMappingHandlerMapping.register] - Mapped "{[/UserCRUD/delUser/{userID}],methods=[GET]}" onto public java.util.List<com.ssm.domain.User> com.ssm.controller.UserController.delUser(int)
2018-09-14 10:25:09,206 INFO [org.springframework.web.servlet.mvc.method.annotation.RequestMappingHandlerAdapter.initControllerAdviceCache] - Looking for @ControllerAdvice: WebApplicationContext for namespace 'spring-mvc-servlet': startup date [Fri Sep 14 10:25:08 CST 2018]; parent: Root WebApplicationContext
2018-09-14 10:25:09,260 INFO [org.springframework.web.servlet.mvc.method.annotation.RequestMappingHandlerAdapter.initControllerAdviceCache] - Looking for @ControllerAdvice: WebApplicationContext for namespace 'spring-mvc-servlet': startup date [Fri Sep 14 10:25:08 CST 2018]; parent: Root WebApplicationContext
2018-09-14 10:25:09,411 INFO [org.springframework.web.servlet.DispatcherServlet.initServletBean] - FrameworkServlet 'spring-mvc': initialization completed in 732 ms
2018-09-14 10:25:21,460 INFO [com.mchange.v2.c3p0.impl.AbstractPoolBackedDataSource.log] - Initializing c3p0 pool... com.mchange.v2.c3p0.ComboPooledDataSource [ acquireIncrement -> 1, acquireRetryAttempts -> 30, acquireRetryDelay -> 1000, autoCommitOnClose -> false, automaticTestTable -> null, breakAfterAcquireFailure -> false, checkoutTimeout -> 0, connectionCustomizerClassName -> null, connectionTesterClassName -> com.mchange.v2.c3p0.impl.DefaultConnectionTester, contextClassLoaderSource -> caller, dataSourceName -> 1hgevb59x1ncjsqn1d8usjk|14c9c1d9, debugUnreturnedConnectionStackTraces -> false, description -> null, driverClass -> com.mysql.jdbc.Driver, extensions -> {}, factoryClassLocation -> null, forceIgnoreUnresolvedTransactions -> false, forceSynchronousCheckins -> false, forceUseNamedDriverClass -> false, identityToken -> 1hgevb59x1ncjsqn1d8usjk|14c9c1d9, idleConnectionTestPeriod -> 0, initialPoolSize -> 5, jdbcUrl -> jdbc:mysql://127.0.0.1:3306/test?useUnicode=true&characterEncoding=utf8, maxAdministrativeTaskTime -> 0, maxConnectionAge -> 0, maxIdleTime -> 0, maxIdleTimeExcessConnections -> 0, maxPoolSize -> 20, maxStatements -> 0, maxStatementsPerConnection -> 0, minPoolSize -> 5, numHelperThreads -> 3, preferredTestQuery -> null, privilegeSpawnedThreads -> false, properties -> {user=******, password=******}, propertyCycle -> 0, statementCacheNumDeferredCloseThreads -> 0, testConnectionOnCheckin -> false, testConnectionOnCheckout -> false, unreturnedConnectionTimeout -> 0, userOverrides -> {}, usesTraditionalReflectiveProxies -> false ]
2018-09-14 10:29:44,731 INFO [org.springframework.web.context.ContextLoader.initWebApplicationContext] - Root WebApplicationContext: initialization started
2018-09-14 10:29:44,795 INFO [org.springframework.web.context.support.XmlWebApplicationContext.prepareRefresh] - Refreshing Root WebApplicationContext: startup date [Fri Sep 14 10:29:44 CST 2018]; root of context hierarchy
2018-09-14 10:29:44,838 INFO [org.springframework.beans.factory.xml.XmlBeanDefinitionReader.loadBeanDefinitions] - Loading XML bean definitions from class path resource [spring-context.xml]
2018-09-14 10:29:45,107 INFO [org.springframework.beans.factory.support.DefaultListableBeanFactory.registerBeanDefinition] - Overriding bean definition for bean 'redisCacheConfig' with a different definition: replacing [Generic bean: class [com.ssm.utils.RedisCacheConfig]; scope=singleton; abstract=false; lazyInit=false; autowireMode=0; dependencyCheck=0; autowireCandidate=true; primary=false; factoryBeanName=null; factoryMethodName=null; initMethodName=null; destroyMethodName=null; defined in file [D:\workspace\maven_ssm\target\classes\com\ssm\utils\RedisCacheConfig.class]] with [Generic bean: class [com.ssm.utils.RedisCacheConfig]; scope=; abstract=false; lazyInit=false; autowireMode=0; dependencyCheck=0; autowireCandidate=true; primary=false; factoryBeanName=null; factoryMethodName=null; initMethodName=null; destroyMethodName=null; defined in class path resource [spring-context.xml]]
2018-09-14 10:29:45,406 INFO [org.springframework.beans.factory.annotation.AutowiredAnnotationBeanPostProcessor.<init>] - JSR-330 'javax.inject.Inject' annotation found and supported for autowiring
2018-09-14 10:29:46,126 INFO [com.mchange.v2.log.MLog.log] - MLog clients using slf4j logging.
2018-09-14 10:29:46,172 INFO [com.mchange.v2.c3p0.C3P0Registry.log] - Initializing c3p0-0.9.5.2 [built 08-December-2015 22:06:04 -0800; debug? true; trace: 10]
2018-09-14 10:29:46,798 INFO [org.springframework.web.context.ContextLoader.initWebApplicationContext] - Root WebApplicationContext: initialization completed in 2064 ms
2018-09-14 10:29:46,833 INFO [org.springframework.web.servlet.DispatcherServlet.initServletBean] - FrameworkServlet 'spring-mvc': initialization started
2018-09-14 10:29:46,836 INFO [org.springframework.web.context.support.XmlWebApplicationContext.prepareRefresh] - Refreshing WebApplicationContext for namespace 'spring-mvc-servlet': startup date [Fri Sep 14 10:29:46 CST 2018]; parent: Root WebApplicationContext
2018-09-14 10:29:46,836 INFO [org.springframework.beans.factory.xml.XmlBeanDefinitionReader.loadBeanDefinitions] - Loading XML bean definitions from class path resource [spring-mvc.xml]
2018-09-14 10:29:46,994 INFO [org.springframework.beans.factory.annotation.AutowiredAnnotationBeanPostProcessor.<init>] - JSR-330 'javax.inject.Inject' annotation found and supported for autowiring
2018-09-14 10:29:47,169 INFO [org.springframework.web.servlet.mvc.method.annotation.RequestMappingHandlerMapping.register] - Mapped "{[/login]}" onto public java.lang.String com.ssm.controller.LoginController.login(java.lang.String,java.lang.String)
2018-09-14 10:29:47,170 INFO [org.springframework.web.servlet.mvc.method.annotation.RequestMappingHandlerMapping.register] - Mapped "{[/hello]}" onto public java.lang.String com.ssm.controller.LoginController.hello()
2018-09-14 10:29:47,175 INFO [org.springframework.web.servlet.mvc.method.annotation.RequestMappingHandlerMapping.register] - Mapped "{[/UserCRUD/addUser],methods=[GET]}" onto public org.springframework.ui.ModelMap com.ssm.controller.UserController.addUser(java.lang.String,java.lang.String,int)
2018-09-14 10:29:47,175 INFO [org.springframework.web.servlet.mvc.method.annotation.RequestMappingHandlerMapping.register] - Mapped "{[/UserCRUD/search],methods=[POST]}" onto public java.util.List<com.ssm.domain.User> com.ssm.controller.UserController.findUsers(org.springframework.ui.Model,java.lang.String)
2018-09-14 10:29:47,178 INFO [org.springframework.web.servlet.mvc.method.annotation.RequestMappingHandlerMapping.register] - Mapped "{[/UserCRUD/editUser],methods=[POST]}" onto public org.springframework.web.servlet.ModelAndView com.ssm.controller.UserController.editUser(java.lang.String,java.lang.String,int,int)
2018-09-14 10:29:47,179 INFO [org.springframework.web.servlet.mvc.method.annotation.RequestMappingHandlerMapping.register] - Mapped "{[/UserCRUD/showUser],methods=[GET]}" onto public java.util.List<com.ssm.domain.User> com.ssm.controller.UserController.showUsers(org.springframework.ui.Model)
2018-09-14 10:29:47,180 INFO [org.springframework.web.servlet.mvc.method.annotation.RequestMappingHandlerMapping.register] - Mapped "{[/UserCRUD/delUser/{userID}],methods=[GET]}" onto public java.util.List<com.ssm.domain.User> com.ssm.controller.UserController.delUser(int)
2018-09-14 10:29:47,301 INFO [org.springframework.web.servlet.mvc.method.annotation.RequestMappingHandlerAdapter.initControllerAdviceCache] - Looking for @ControllerAdvice: WebApplicationContext for namespace 'spring-mvc-servlet': startup date [Fri Sep 14 10:29:46 CST 2018]; parent: Root WebApplicationContext
2018-09-14 10:29:47,364 INFO [org.springframework.web.servlet.mvc.method.annotation.RequestMappingHandlerAdapter.initControllerAdviceCache] - Looking for @ControllerAdvice: WebApplicationContext for namespace 'spring-mvc-servlet': startup date [Fri Sep 14 10:29:46 CST 2018]; parent: Root WebApplicationContext
2018-09-14 10:29:47,510 INFO [org.springframework.web.servlet.DispatcherServlet.initServletBean] - FrameworkServlet 'spring-mvc': initialization completed in 677 ms
2018-09-14 10:29:55,199 INFO [com.mchange.v2.c3p0.impl.AbstractPoolBackedDataSource.log] - Initializing c3p0 pool... com.mchange.v2.c3p0.ComboPooledDataSource [ acquireIncrement -> 1, acquireRetryAttempts -> 30, acquireRetryDelay -> 1000, autoCommitOnClose -> false, automaticTestTable -> null, breakAfterAcquireFailure -> false, checkoutTimeout -> 0, connectionCustomizerClassName -> null, connectionTesterClassName -> com.mchange.v2.c3p0.impl.DefaultConnectionTester, contextClassLoaderSource -> caller, dataSourceName -> 1hgevb59x1ncpr8zbw4hrw|7a89e0fd, debugUnreturnedConnectionStackTraces -> false, description -> null, driverClass -> com.mysql.jdbc.Driver, extensions -> {}, factoryClassLocation -> null, forceIgnoreUnresolvedTransactions -> false, forceSynchronousCheckins -> false, forceUseNamedDriverClass -> false, identityToken -> 1hgevb59x1ncpr8zbw4hrw|7a89e0fd, idleConnectionTestPeriod -> 0, initialPoolSize -> 5, jdbcUrl -> jdbc:mysql://127.0.0.1:3306/test?useUnicode=true&characterEncoding=utf8, maxAdministrativeTaskTime -> 0, maxConnectionAge -> 0, maxIdleTime -> 0, maxIdleTimeExcessConnections -> 0, maxPoolSize -> 20, maxStatements -> 0, maxStatementsPerConnection -> 0, minPoolSize -> 5, numHelperThreads -> 3, preferredTestQuery -> null, privilegeSpawnedThreads -> false, properties -> {user=******, password=******}, propertyCycle -> 0, statementCacheNumDeferredCloseThreads -> 0, testConnectionOnCheckin -> false, testConnectionOnCheckout -> false, unreturnedConnectionTimeout -> 0, userOverrides -> {}, usesTraditionalReflectiveProxies -> false ]
2018-09-14 10:29:55,913 ERROR [org.springframework.transaction.support.TransactionSynchronizationUtils.invokeAfterCompletion] - TransactionSynchronization.afterCompletion threw exception
org.springframework.dao.InvalidDataAccessApiUsageException: No ongoing transaction. Did you forget to call multi?
	at org.springframework.data.redis.connection.jedis.JedisConnection.exec(JedisConnection.java:756)
	at sun.reflect.NativeMethodAccessorImpl.invoke0(Native Method)
	at sun.reflect.NativeMethodAccessorImpl.invoke(NativeMethodAccessorImpl.java:62)
	at sun.reflect.DelegatingMethodAccessorImpl.invoke(DelegatingMethodAccessorImpl.java:43)
	at java.lang.reflect.Method.invoke(Method.java:498)
	at org.springframework.data.redis.core.RedisConnectionUtils$ConnectionSplittingInterceptor.invoke(RedisConnectionUtils.java:357)
	at org.springframework.data.redis.core.RedisConnectionUtils$ConnectionSplittingInterceptor.intercept(RedisConnectionUtils.java:335)
	at org.springframework.data.redis.core.RedisConnectionUtils$ConnectionSplittingInterceptor.invoke(RedisConnectionUtils.java:365)
	at org.springframework.aop.framework.ReflectiveMethodInvocation.proceed(ReflectiveMethodInvocation.java:179)
	at org.springframework.aop.framework.JdkDynamicAopProxy.invoke(JdkDynamicAopProxy.java:213)
	at com.sun.proxy.$Proxy57.exec(Unknown Source)
	at org.springframework.data.redis.core.RedisConnectionUtils$RedisTransactionSynchronizer.afterCompletion(RedisConnectionUtils.java:290)
	at org.springframework.transaction.support.TransactionSynchronizationUtils.invokeAfterCompletion(TransactionSynchronizationUtils.java:168)
	at org.springframework.transaction.support.AbstractPlatformTransactionManager.invokeAfterCompletion(AbstractPlatformTransactionManager.java:1002)
	at org.springframework.transaction.support.AbstractPlatformTransactionManager.triggerAfterCompletion(AbstractPlatformTransactionManager.java:977)
	at org.springframework.transaction.support.AbstractPlatformTransactionManager.processCommit(AbstractPlatformTransactionManager.java:806)
	at org.springframework.transaction.support.AbstractPlatformTransactionManager.commit(AbstractPlatformTransactionManager.java:730)
	at org.springframework.transaction.interceptor.TransactionAspectSupport.commitTransactionAfterReturning(TransactionAspectSupport.java:518)
	at org.springframework.transaction.interceptor.TransactionAspectSupport.invokeWithinTransaction(TransactionAspectSupport.java:292)
	at org.springframework.transaction.interceptor.TransactionInterceptor.invoke(TransactionInterceptor.java:96)
	at org.springframework.aop.framework.ReflectiveMethodInvocation.proceed(ReflectiveMethodInvocation.java:179)
	at org.springframework.aop.framework.JdkDynamicAopProxy.invoke(JdkDynamicAopProxy.java:213)
	at com.sun.proxy.$Proxy51.getAllUser(Unknown Source)
	at com.ssm.controller.UserController.showUsers(UserController.java:39)
	at sun.reflect.NativeMethodAccessorImpl.invoke0(Native Method)
	at sun.reflect.NativeMethodAccessorImpl.invoke(NativeMethodAccessorImpl.java:62)
	at sun.reflect.DelegatingMethodAccessorImpl.invoke(DelegatingMethodAccessorImpl.java:43)
	at java.lang.reflect.Method.invoke(Method.java:498)
	at org.springframework.web.method.support.InvocableHandlerMethod.doInvoke(InvocableHandlerMethod.java:205)
	at org.springframework.web.method.support.InvocableHandlerMethod.invokeForRequest(InvocableHandlerMethod.java:133)
	at org.springframework.web.servlet.mvc.method.annotation.ServletInvocableHandlerMethod.invokeAndHandle(ServletInvocableHandlerMethod.java:97)
	at org.springframework.web.servlet.mvc.method.annotation.RequestMappingHandlerAdapter.invokeHandlerMethod(RequestMappingHandlerAdapter.java:827)
	at org.springframework.web.servlet.mvc.method.annotation.RequestMappingHandlerAdapter.handleInternal(RequestMappingHandlerAdapter.java:738)
	at org.springframework.web.servlet.mvc.method.AbstractHandlerMethodAdapter.handle(AbstractHandlerMethodAdapter.java:85)
	at org.springframework.web.servlet.DispatcherServlet.doDispatch(DispatcherServlet.java:967)
	at org.springframework.web.servlet.DispatcherServlet.doService(DispatcherServlet.java:901)
	at org.springframework.web.servlet.FrameworkServlet.processRequest(FrameworkServlet.java:970)
	at org.springframework.web.servlet.FrameworkServlet.doGet(FrameworkServlet.java:861)
	at javax.servlet.http.HttpServlet.service(HttpServlet.java:621)
	at org.springframework.web.servlet.FrameworkServlet.service(FrameworkServlet.java:846)
	at javax.servlet.http.HttpServlet.service(HttpServlet.java:728)
	at org.apache.catalina.core.ApplicationFilterChain.internalDoFilter(ApplicationFilterChain.java:305)
	at org.apache.catalina.core.ApplicationFilterChain.doFilter(ApplicationFilterChain.java:210)
	at org.apache.tomcat.websocket.server.WsFilter.doFilter(WsFilter.java:51)
	at org.apache.catalina.core.ApplicationFilterChain.internalDoFilter(ApplicationFilterChain.java:243)
	at org.apache.catalina.core.ApplicationFilterChain.doFilter(ApplicationFilterChain.java:210)
	at org.apache.catalina.core.StandardWrapperValve.invoke(StandardWrapperValve.java:222)
	at org.apache.catalina.core.StandardContextValve.invoke(StandardContextValve.java:123)
	at org.apache.catalina.authenticator.AuthenticatorBase.invoke(AuthenticatorBase.java:502)
	at org.apache.catalina.core.StandardHostValve.invoke(StandardHostValve.java:171)
	at org.apache.catalina.valves.ErrorReportValve.invoke(ErrorReportValve.java:100)
	at org.apache.catalina.valves.AccessLogValve.invoke(AccessLogValve.java:953)
	at org.apache.catalina.core.StandardEngineValve.invoke(StandardEngineValve.java:118)
	at org.apache.catalina.connector.CoyoteAdapter.service(CoyoteAdapter.java:408)
	at org.apache.coyote.http11.AbstractHttp11Processor.process(AbstractHttp11Processor.java:1041)
	at org.apache.coyote.AbstractProtocol$AbstractConnectionHandler.process(AbstractProtocol.java:603)
	at org.apache.tomcat.util.net.JIoEndpoint$SocketProcessor.run(JIoEndpoint.java:310)
	at java.util.concurrent.ThreadPoolExecutor.runWorker(ThreadPoolExecutor.java:1149)
	at java.util.concurrent.ThreadPoolExecutor$Worker.run(ThreadPoolExecutor.java:624)
	at java.lang.Thread.run(Thread.java:748)
2018-09-14 10:36:22,435 INFO [org.springframework.web.context.ContextLoader.initWebApplicationContext] - Root WebApplicationContext: initialization started
2018-09-14 10:36:22,535 INFO [org.springframework.web.context.support.XmlWebApplicationContext.prepareRefresh] - Refreshing Root WebApplicationContext: startup date [Fri Sep 14 10:36:22 CST 2018]; root of context hierarchy
2018-09-14 10:36:22,584 INFO [org.springframework.beans.factory.xml.XmlBeanDefinitionReader.loadBeanDefinitions] - Loading XML bean definitions from class path resource [spring-context.xml]
2018-09-14 10:36:22,869 INFO [org.springframework.beans.factory.support.DefaultListableBeanFactory.registerBeanDefinition] - Overriding bean definition for bean 'redisCacheConfig' with a different definition: replacing [Generic bean: class [com.ssm.utils.RedisCacheConfig]; scope=singleton; abstract=false; lazyInit=false; autowireMode=0; dependencyCheck=0; autowireCandidate=true; primary=false; factoryBeanName=null; factoryMethodName=null; initMethodName=null; destroyMethodName=null; defined in file [D:\workspace\maven_ssm\target\classes\com\ssm\utils\RedisCacheConfig.class]] with [Generic bean: class [com.ssm.utils.RedisCacheConfig]; scope=; abstract=false; lazyInit=false; autowireMode=0; dependencyCheck=0; autowireCandidate=true; primary=false; factoryBeanName=null; factoryMethodName=null; initMethodName=null; destroyMethodName=null; defined in class path resource [spring-context.xml]]
2018-09-14 10:36:23,148 INFO [org.springframework.beans.factory.annotation.AutowiredAnnotationBeanPostProcessor.<init>] - JSR-330 'javax.inject.Inject' annotation found and supported for autowiring
2018-09-14 10:36:23,866 INFO [com.mchange.v2.log.MLog.log] - MLog clients using slf4j logging.
2018-09-14 10:36:23,912 INFO [com.mchange.v2.c3p0.C3P0Registry.log] - Initializing c3p0-0.9.5.2 [built 08-December-2015 22:06:04 -0800; debug? true; trace: 10]
2018-09-14 10:36:24,440 INFO [org.springframework.web.context.ContextLoader.initWebApplicationContext] - Root WebApplicationContext: initialization completed in 2000 ms
2018-09-14 10:36:24,466 INFO [org.springframework.web.servlet.DispatcherServlet.initServletBean] - FrameworkServlet 'spring-mvc': initialization started
2018-09-14 10:36:24,469 INFO [org.springframework.web.context.support.XmlWebApplicationContext.prepareRefresh] - Refreshing WebApplicationContext for namespace 'spring-mvc-servlet': startup date [Fri Sep 14 10:36:24 CST 2018]; parent: Root WebApplicationContext
2018-09-14 10:36:24,469 INFO [org.springframework.beans.factory.xml.XmlBeanDefinitionReader.loadBeanDefinitions] - Loading XML bean definitions from class path resource [spring-mvc.xml]
2018-09-14 10:36:24,608 INFO [org.springframework.beans.factory.annotation.AutowiredAnnotationBeanPostProcessor.<init>] - JSR-330 'javax.inject.Inject' annotation found and supported for autowiring
2018-09-14 10:36:24,772 INFO [org.springframework.web.servlet.mvc.method.annotation.RequestMappingHandlerMapping.register] - Mapped "{[/login]}" onto public java.lang.String com.ssm.controller.LoginController.login(java.lang.String,java.lang.String)
2018-09-14 10:36:24,773 INFO [org.springframework.web.servlet.mvc.method.annotation.RequestMappingHandlerMapping.register] - Mapped "{[/hello]}" onto public java.lang.String com.ssm.controller.LoginController.hello()
2018-09-14 10:36:24,778 INFO [org.springframework.web.servlet.mvc.method.annotation.RequestMappingHandlerMapping.register] - Mapped "{[/UserCRUD/addUser],methods=[GET]}" onto public org.springframework.ui.ModelMap com.ssm.controller.UserController.addUser(java.lang.String,java.lang.String,int)
2018-09-14 10:36:24,779 INFO [org.springframework.web.servlet.mvc.method.annotation.RequestMappingHandlerMapping.register] - Mapped "{[/UserCRUD/showUser],methods=[GET]}" onto public java.util.List<com.ssm.domain.User> com.ssm.controller.UserController.showUsers(org.springframework.ui.Model)
2018-09-14 10:36:24,781 INFO [org.springframework.web.servlet.mvc.method.annotation.RequestMappingHandlerMapping.register] - Mapped "{[/UserCRUD/delUser/{userID}],methods=[GET]}" onto public java.util.List<com.ssm.domain.User> com.ssm.controller.UserController.delUser(int)
2018-09-14 10:36:24,781 INFO [org.springframework.web.servlet.mvc.method.annotation.RequestMappingHandlerMapping.register] - Mapped "{[/UserCRUD/editUser],methods=[POST]}" onto public org.springframework.web.servlet.ModelAndView com.ssm.controller.UserController.editUser(java.lang.String,java.lang.String,int,int)
2018-09-14 10:36:24,783 INFO [org.springframework.web.servlet.mvc.method.annotation.RequestMappingHandlerMapping.register] - Mapped "{[/UserCRUD/search],methods=[POST]}" onto public java.util.List<com.ssm.domain.User> com.ssm.controller.UserController.findUsers(org.springframework.ui.Model,java.lang.String)
2018-09-14 10:36:24,895 INFO [org.springframework.web.servlet.mvc.method.annotation.RequestMappingHandlerAdapter.initControllerAdviceCache] - Looking for @ControllerAdvice: WebApplicationContext for namespace 'spring-mvc-servlet': startup date [Fri Sep 14 10:36:24 CST 2018]; parent: Root WebApplicationContext
2018-09-14 10:36:24,957 INFO [org.springframework.web.servlet.mvc.method.annotation.RequestMappingHandlerAdapter.initControllerAdviceCache] - Looking for @ControllerAdvice: WebApplicationContext for namespace 'spring-mvc-servlet': startup date [Fri Sep 14 10:36:24 CST 2018]; parent: Root WebApplicationContext
2018-09-14 10:36:25,095 INFO [org.springframework.web.servlet.DispatcherServlet.initServletBean] - FrameworkServlet 'spring-mvc': initialization completed in 629 ms
2018-09-14 10:36:32,060 INFO [com.mchange.v2.c3p0.impl.AbstractPoolBackedDataSource.log] - Initializing c3p0 pool... com.mchange.v2.c3p0.ComboPooledDataSource [ acquireIncrement -> 1, acquireRetryAttempts -> 30, acquireRetryDelay -> 1000, autoCommitOnClose -> false, automaticTestTable -> null, breakAfterAcquireFailure -> false, checkoutTimeout -> 0, connectionCustomizerClassName -> null, connectionTesterClassName -> com.mchange.v2.c3p0.impl.DefaultConnectionTester, contextClassLoaderSource -> caller, dataSourceName -> 1hgevb59x1ncya5a1696yb1|694aa5ec, debugUnreturnedConnectionStackTraces -> false, description -> null, driverClass -> com.mysql.jdbc.Driver, extensions -> {}, factoryClassLocation -> null, forceIgnoreUnresolvedTransactions -> false, forceSynchronousCheckins -> false, forceUseNamedDriverClass -> false, identityToken -> 1hgevb59x1ncya5a1696yb1|694aa5ec, idleConnectionTestPeriod -> 0, initialPoolSize -> 5, jdbcUrl -> jdbc:mysql://127.0.0.1:3306/test?useUnicode=true&characterEncoding=utf8, maxAdministrativeTaskTime -> 0, maxConnectionAge -> 0, maxIdleTime -> 0, maxIdleTimeExcessConnections -> 0, maxPoolSize -> 20, maxStatements -> 0, maxStatementsPerConnection -> 0, minPoolSize -> 5, numHelperThreads -> 3, preferredTestQuery -> null, privilegeSpawnedThreads -> false, properties -> {user=******, password=******}, propertyCycle -> 0, statementCacheNumDeferredCloseThreads -> 0, testConnectionOnCheckin -> false, testConnectionOnCheckout -> false, unreturnedConnectionTimeout -> 0, userOverrides -> {}, usesTraditionalReflectiveProxies -> false ]
2018-09-14 10:38:39,857 INFO [org.springframework.web.context.ContextLoader.initWebApplicationContext] - Root WebApplicationContext: initialization started
2018-09-14 10:38:39,953 INFO [org.springframework.web.context.support.XmlWebApplicationContext.prepareRefresh] - Refreshing Root WebApplicationContext: startup date [Fri Sep 14 10:38:39 CST 2018]; root of context hierarchy
2018-09-14 10:38:40,004 INFO [org.springframework.beans.factory.xml.XmlBeanDefinitionReader.loadBeanDefinitions] - Loading XML bean definitions from class path resource [spring-context.xml]
2018-09-14 10:38:40,249 INFO [org.springframework.beans.factory.support.DefaultListableBeanFactory.registerBeanDefinition] - Overriding bean definition for bean 'redisCacheConfig' with a different definition: replacing [Generic bean: class [com.ssm.utils.RedisCacheConfig]; scope=singleton; abstract=false; lazyInit=false; autowireMode=0; dependencyCheck=0; autowireCandidate=true; primary=false; factoryBeanName=null; factoryMethodName=null; initMethodName=null; destroyMethodName=null; defined in file [D:\workspace\maven_ssm\target\classes\com\ssm\utils\RedisCacheConfig.class]] with [Generic bean: class [com.ssm.utils.RedisCacheConfig]; scope=; abstract=false; lazyInit=false; autowireMode=0; dependencyCheck=0; autowireCandidate=true; primary=false; factoryBeanName=null; factoryMethodName=null; initMethodName=null; destroyMethodName=null; defined in class path resource [spring-context.xml]]
2018-09-14 10:38:40,547 INFO [org.springframework.beans.factory.annotation.AutowiredAnnotationBeanPostProcessor.<init>] - JSR-330 'javax.inject.Inject' annotation found and supported for autowiring
2018-09-14 10:38:41,304 INFO [com.mchange.v2.log.MLog.log] - MLog clients using slf4j logging.
2018-09-14 10:38:41,356 INFO [com.mchange.v2.c3p0.C3P0Registry.log] - Initializing c3p0-0.9.5.2 [built 08-December-2015 22:06:04 -0800; debug? true; trace: 10]
2018-09-14 10:38:41,839 INFO [org.springframework.web.context.ContextLoader.initWebApplicationContext] - Root WebApplicationContext: initialization completed in 1978 ms
2018-09-14 10:38:41,865 INFO [org.springframework.web.servlet.DispatcherServlet.initServletBean] - FrameworkServlet 'spring-mvc': initialization started
2018-09-14 10:38:41,867 INFO [org.springframework.web.context.support.XmlWebApplicationContext.prepareRefresh] - Refreshing WebApplicationContext for namespace 'spring-mvc-servlet': startup date [Fri Sep 14 10:38:41 CST 2018]; parent: Root WebApplicationContext
2018-09-14 10:38:41,868 INFO [org.springframework.beans.factory.xml.XmlBeanDefinitionReader.loadBeanDefinitions] - Loading XML bean definitions from class path resource [spring-mvc.xml]
2018-09-14 10:38:42,001 INFO [org.springframework.beans.factory.annotation.AutowiredAnnotationBeanPostProcessor.<init>] - JSR-330 'javax.inject.Inject' annotation found and supported for autowiring
2018-09-14 10:38:42,177 INFO [org.springframework.web.servlet.mvc.method.annotation.RequestMappingHandlerMapping.register] - Mapped "{[/hello]}" onto public java.lang.String com.ssm.controller.LoginController.hello()
2018-09-14 10:38:42,179 INFO [org.springframework.web.servlet.mvc.method.annotation.RequestMappingHandlerMapping.register] - Mapped "{[/login]}" onto public java.lang.String com.ssm.controller.LoginController.login(java.lang.String,java.lang.String)
2018-09-14 10:38:42,182 INFO [org.springframework.web.servlet.mvc.method.annotation.RequestMappingHandlerMapping.register] - Mapped "{[/UserCRUD/addUser],methods=[GET]}" onto public org.springframework.ui.ModelMap com.ssm.controller.UserController.addUser(java.lang.String,java.lang.String,int)
2018-09-14 10:38:42,185 INFO [org.springframework.web.servlet.mvc.method.annotation.RequestMappingHandlerMapping.register] - Mapped "{[/UserCRUD/delUser/{userID}],methods=[GET]}" onto public java.util.List<com.ssm.domain.User> com.ssm.controller.UserController.delUser(int)
2018-09-14 10:38:42,187 INFO [org.springframework.web.servlet.mvc.method.annotation.RequestMappingHandlerMapping.register] - Mapped "{[/UserCRUD/showUser],methods=[GET]}" onto public java.util.List<com.ssm.domain.User> com.ssm.controller.UserController.showUsers(org.springframework.ui.Model)
2018-09-14 10:38:42,187 INFO [org.springframework.web.servlet.mvc.method.annotation.RequestMappingHandlerMapping.register] - Mapped "{[/UserCRUD/search],methods=[POST]}" onto public java.util.List<com.ssm.domain.User> com.ssm.controller.UserController.findUsers(org.springframework.ui.Model,java.lang.String)
2018-09-14 10:38:42,188 INFO [org.springframework.web.servlet.mvc.method.annotation.RequestMappingHandlerMapping.register] - Mapped "{[/UserCRUD/editUser],methods=[POST]}" onto public org.springframework.web.servlet.ModelAndView com.ssm.controller.UserController.editUser(java.lang.String,java.lang.String,int,int)
2018-09-14 10:38:42,322 INFO [org.springframework.web.servlet.mvc.method.annotation.RequestMappingHandlerAdapter.initControllerAdviceCache] - Looking for @ControllerAdvice: WebApplicationContext for namespace 'spring-mvc-servlet': startup date [Fri Sep 14 10:38:41 CST 2018]; parent: Root WebApplicationContext
2018-09-14 10:38:42,380 INFO [org.springframework.web.servlet.mvc.method.annotation.RequestMappingHandlerAdapter.initControllerAdviceCache] - Looking for @ControllerAdvice: WebApplicationContext for namespace 'spring-mvc-servlet': startup date [Fri Sep 14 10:38:41 CST 2018]; parent: Root WebApplicationContext
2018-09-14 10:38:42,551 INFO [org.springframework.web.servlet.DispatcherServlet.initServletBean] - FrameworkServlet 'spring-mvc': initialization completed in 686 ms
2018-09-14 10:38:54,481 INFO [com.mchange.v2.c3p0.impl.AbstractPoolBackedDataSource.log] - Initializing c3p0 pool... com.mchange.v2.c3p0.ComboPooledDataSource [ acquireIncrement -> 1, acquireRetryAttempts -> 30, acquireRetryDelay -> 1000, autoCommitOnClose -> false, automaticTestTable -> null, breakAfterAcquireFailure -> false, checkoutTimeout -> 0, connectionCustomizerClassName -> null, connectionTesterClassName -> com.mchange.v2.c3p0.impl.DefaultConnectionTester, contextClassLoaderSource -> caller, dataSourceName -> 1hgevb59x1nd18741rslgz3|393b82c4, debugUnreturnedConnectionStackTraces -> false, description -> null, driverClass -> com.mysql.jdbc.Driver, extensions -> {}, factoryClassLocation -> null, forceIgnoreUnresolvedTransactions -> false, forceSynchronousCheckins -> false, forceUseNamedDriverClass -> false, identityToken -> 1hgevb59x1nd18741rslgz3|393b82c4, idleConnectionTestPeriod -> 0, initialPoolSize -> 5, jdbcUrl -> jdbc:mysql://127.0.0.1:3306/test?useUnicode=true&characterEncoding=utf8, maxAdministrativeTaskTime -> 0, maxConnectionAge -> 0, maxIdleTime -> 0, maxIdleTimeExcessConnections -> 0, maxPoolSize -> 20, maxStatements -> 0, maxStatementsPerConnection -> 0, minPoolSize -> 5, numHelperThreads -> 3, preferredTestQuery -> null, privilegeSpawnedThreads -> false, properties -> {user=******, password=******}, propertyCycle -> 0, statementCacheNumDeferredCloseThreads -> 0, testConnectionOnCheckin -> false, testConnectionOnCheckout -> false, unreturnedConnectionTimeout -> 0, userOverrides -> {}, usesTraditionalReflectiveProxies -> false ]
2018-09-14 10:39:39,137 INFO [org.springframework.web.context.ContextLoader.initWebApplicationContext] - Root WebApplicationContext: initialization started
2018-09-14 10:39:39,197 INFO [org.springframework.web.context.support.XmlWebApplicationContext.prepareRefresh] - Refreshing Root WebApplicationContext: startup date [Fri Sep 14 10:39:39 CST 2018]; root of context hierarchy
2018-09-14 10:39:39,242 INFO [org.springframework.beans.factory.xml.XmlBeanDefinitionReader.loadBeanDefinitions] - Loading XML bean definitions from class path resource [spring-context.xml]
2018-09-14 10:39:39,477 INFO [org.springframework.beans.factory.support.DefaultListableBeanFactory.registerBeanDefinition] - Overriding bean definition for bean 'redisCacheConfig' with a different definition: replacing [Generic bean: class [com.ssm.utils.RedisCacheConfig]; scope=singleton; abstract=false; lazyInit=false; autowireMode=0; dependencyCheck=0; autowireCandidate=true; primary=false; factoryBeanName=null; factoryMethodName=null; initMethodName=null; destroyMethodName=null; defined in file [D:\workspace\maven_ssm\target\classes\com\ssm\utils\RedisCacheConfig.class]] with [Generic bean: class [com.ssm.utils.RedisCacheConfig]; scope=; abstract=false; lazyInit=false; autowireMode=0; dependencyCheck=0; autowireCandidate=true; primary=false; factoryBeanName=null; factoryMethodName=null; initMethodName=null; destroyMethodName=null; defined in class path resource [spring-context.xml]]
2018-09-14 10:39:39,769 INFO [org.springframework.beans.factory.annotation.AutowiredAnnotationBeanPostProcessor.<init>] - JSR-330 'javax.inject.Inject' annotation found and supported for autowiring
2018-09-14 10:39:40,524 INFO [com.mchange.v2.log.MLog.log] - MLog clients using slf4j logging.
2018-09-14 10:39:40,569 INFO [com.mchange.v2.c3p0.C3P0Registry.log] - Initializing c3p0-0.9.5.2 [built 08-December-2015 22:06:04 -0800; debug? true; trace: 10]
2018-09-14 10:39:41,047 INFO [org.springframework.web.context.ContextLoader.initWebApplicationContext] - Root WebApplicationContext: initialization completed in 1907 ms
2018-09-14 10:39:41,072 INFO [org.springframework.web.servlet.DispatcherServlet.initServletBean] - FrameworkServlet 'spring-mvc': initialization started
2018-09-14 10:39:41,077 INFO [org.springframework.web.context.support.XmlWebApplicationContext.prepareRefresh] - Refreshing WebApplicationContext for namespace 'spring-mvc-servlet': startup date [Fri Sep 14 10:39:41 CST 2018]; parent: Root WebApplicationContext
2018-09-14 10:39:41,078 INFO [org.springframework.beans.factory.xml.XmlBeanDefinitionReader.loadBeanDefinitions] - Loading XML bean definitions from class path resource [spring-mvc.xml]
2018-09-14 10:39:41,206 INFO [org.springframework.beans.factory.annotation.AutowiredAnnotationBeanPostProcessor.<init>] - JSR-330 'javax.inject.Inject' annotation found and supported for autowiring
2018-09-14 10:39:41,377 INFO [org.springframework.web.servlet.mvc.method.annotation.RequestMappingHandlerMapping.register] - Mapped "{[/login]}" onto public java.lang.String com.ssm.controller.LoginController.login(java.lang.String,java.lang.String)
2018-09-14 10:39:41,378 INFO [org.springframework.web.servlet.mvc.method.annotation.RequestMappingHandlerMapping.register] - Mapped "{[/hello]}" onto public java.lang.String com.ssm.controller.LoginController.hello()
2018-09-14 10:39:41,382 INFO [org.springframework.web.servlet.mvc.method.annotation.RequestMappingHandlerMapping.register] - Mapped "{[/UserCRUD/addUser],methods=[GET]}" onto public org.springframework.ui.ModelMap com.ssm.controller.UserController.addUser(java.lang.String,java.lang.String,int)
2018-09-14 10:39:41,383 INFO [org.springframework.web.servlet.mvc.method.annotation.RequestMappingHandlerMapping.register] - Mapped "{[/UserCRUD/search],methods=[POST]}" onto public java.util.List<com.ssm.domain.User> com.ssm.controller.UserController.findUsers(org.springframework.ui.Model,java.lang.String)
2018-09-14 10:39:41,386 INFO [org.springframework.web.servlet.mvc.method.annotation.RequestMappingHandlerMapping.register] - Mapped "{[/UserCRUD/editUser],methods=[POST]}" onto public org.springframework.web.servlet.ModelAndView com.ssm.controller.UserController.editUser(java.lang.String,java.lang.String,int,int)
2018-09-14 10:39:41,388 INFO [org.springframework.web.servlet.mvc.method.annotation.RequestMappingHandlerMapping.register] - Mapped "{[/UserCRUD/showUser],methods=[GET]}" onto public java.util.List<com.ssm.domain.User> com.ssm.controller.UserController.showUsers(org.springframework.ui.Model)
2018-09-14 10:39:41,391 INFO [org.springframework.web.servlet.mvc.method.annotation.RequestMappingHandlerMapping.register] - Mapped "{[/UserCRUD/delUser/{userID}],methods=[GET]}" onto public java.util.List<com.ssm.domain.User> com.ssm.controller.UserController.delUser(int)
2018-09-14 10:39:41,507 INFO [org.springframework.web.servlet.mvc.method.annotation.RequestMappingHandlerAdapter.initControllerAdviceCache] - Looking for @ControllerAdvice: WebApplicationContext for namespace 'spring-mvc-servlet': startup date [Fri Sep 14 10:39:41 CST 2018]; parent: Root WebApplicationContext
2018-09-14 10:39:41,561 INFO [org.springframework.web.servlet.mvc.method.annotation.RequestMappingHandlerAdapter.initControllerAdviceCache] - Looking for @ControllerAdvice: WebApplicationContext for namespace 'spring-mvc-servlet': startup date [Fri Sep 14 10:39:41 CST 2018]; parent: Root WebApplicationContext
2018-09-14 10:39:41,720 INFO [org.springframework.web.servlet.DispatcherServlet.initServletBean] - FrameworkServlet 'spring-mvc': initialization completed in 645 ms
2018-09-14 10:39:54,451 INFO [com.mchange.v2.c3p0.impl.AbstractPoolBackedDataSource.log] - Initializing c3p0 pool... com.mchange.v2.c3p0.ComboPooledDataSource [ acquireIncrement -> 1, acquireRetryAttempts -> 30, acquireRetryDelay -> 1000, autoCommitOnClose -> false, automaticTestTable -> null, breakAfterAcquireFailure -> false, checkoutTimeout -> 0, connectionCustomizerClassName -> null, connectionTesterClassName -> com.mchange.v2.c3p0.impl.DefaultConnectionTester, contextClassLoaderSource -> caller, dataSourceName -> 1hgevb59x1nd2hvy1x4v858|2361d8d0, debugUnreturnedConnectionStackTraces -> false, description -> null, driverClass -> com.mysql.jdbc.Driver, extensions -> {}, factoryClassLocation -> null, forceIgnoreUnresolvedTransactions -> false, forceSynchronousCheckins -> false, forceUseNamedDriverClass -> false, identityToken -> 1hgevb59x1nd2hvy1x4v858|2361d8d0, idleConnectionTestPeriod -> 0, initialPoolSize -> 5, jdbcUrl -> jdbc:mysql://127.0.0.1:3306/test?useUnicode=true&characterEncoding=utf8, maxAdministrativeTaskTime -> 0, maxConnectionAge -> 0, maxIdleTime -> 0, maxIdleTimeExcessConnections -> 0, maxPoolSize -> 20, maxStatements -> 0, maxStatementsPerConnection -> 0, minPoolSize -> 5, numHelperThreads -> 3, preferredTestQuery -> null, privilegeSpawnedThreads -> false, properties -> {user=******, password=******}, propertyCycle -> 0, statementCacheNumDeferredCloseThreads -> 0, testConnectionOnCheckin -> false, testConnectionOnCheckout -> false, unreturnedConnectionTimeout -> 0, userOverrides -> {}, usesTraditionalReflectiveProxies -> false ]
2018-09-14 10:40:35,591 ERROR [org.springframework.transaction.support.TransactionSynchronizationUtils.invokeAfterCompletion] - TransactionSynchronization.afterCompletion threw exception
org.springframework.dao.InvalidDataAccessApiUsageException: No ongoing transaction. Did you forget to call multi?
	at org.springframework.data.redis.connection.jedis.JedisConnection.exec(JedisConnection.java:756)
	at sun.reflect.NativeMethodAccessorImpl.invoke0(Native Method)
	at sun.reflect.NativeMethodAccessorImpl.invoke(NativeMethodAccessorImpl.java:62)
	at sun.reflect.DelegatingMethodAccessorImpl.invoke(DelegatingMethodAccessorImpl.java:43)
	at java.lang.reflect.Method.invoke(Method.java:498)
	at org.springframework.data.redis.core.RedisConnectionUtils$ConnectionSplittingInterceptor.invoke(RedisConnectionUtils.java:357)
	at org.springframework.data.redis.core.RedisConnectionUtils$ConnectionSplittingInterceptor.intercept(RedisConnectionUtils.java:335)
	at org.springframework.data.redis.core.RedisConnectionUtils$ConnectionSplittingInterceptor.invoke(RedisConnectionUtils.java:365)
	at org.springframework.aop.framework.ReflectiveMethodInvocation.proceed(ReflectiveMethodInvocation.java:179)
	at org.springframework.aop.framework.JdkDynamicAopProxy.invoke(JdkDynamicAopProxy.java:213)
	at com.sun.proxy.$Proxy63.exec(Unknown Source)
	at org.springframework.data.redis.core.RedisConnectionUtils$RedisTransactionSynchronizer.afterCompletion(RedisConnectionUtils.java:290)
	at org.springframework.transaction.support.TransactionSynchronizationUtils.invokeAfterCompletion(TransactionSynchronizationUtils.java:168)
	at org.springframework.transaction.support.AbstractPlatformTransactionManager.invokeAfterCompletion(AbstractPlatformTransactionManager.java:1002)
	at org.springframework.transaction.support.AbstractPlatformTransactionManager.triggerAfterCompletion(AbstractPlatformTransactionManager.java:977)
	at org.springframework.transaction.support.AbstractPlatformTransactionManager.processCommit(AbstractPlatformTransactionManager.java:806)
	at org.springframework.transaction.support.AbstractPlatformTransactionManager.commit(AbstractPlatformTransactionManager.java:730)
	at org.springframework.transaction.interceptor.TransactionAspectSupport.commitTransactionAfterReturning(TransactionAspectSupport.java:518)
	at org.springframework.transaction.interceptor.TransactionAspectSupport.invokeWithinTransaction(TransactionAspectSupport.java:292)
	at org.springframework.transaction.interceptor.TransactionInterceptor.invoke(TransactionInterceptor.java:96)
	at org.springframework.aop.framework.ReflectiveMethodInvocation.proceed(ReflectiveMethodInvocation.java:179)
	at org.springframework.aop.framework.JdkDynamicAopProxy.invoke(JdkDynamicAopProxy.java:213)
	at com.sun.proxy.$Proxy51.getAllUser(Unknown Source)
	at com.ssm.controller.UserController.showUsers(UserController.java:39)
	at sun.reflect.NativeMethodAccessorImpl.invoke0(Native Method)
	at sun.reflect.NativeMethodAccessorImpl.invoke(NativeMethodAccessorImpl.java:62)
	at sun.reflect.DelegatingMethodAccessorImpl.invoke(DelegatingMethodAccessorImpl.java:43)
	at java.lang.reflect.Method.invoke(Method.java:498)
	at org.springframework.web.method.support.InvocableHandlerMethod.doInvoke(InvocableHandlerMethod.java:205)
	at org.springframework.web.method.support.InvocableHandlerMethod.invokeForRequest(InvocableHandlerMethod.java:133)
	at org.springframework.web.servlet.mvc.method.annotation.ServletInvocableHandlerMethod.invokeAndHandle(ServletInvocableHandlerMethod.java:97)
	at org.springframework.web.servlet.mvc.method.annotation.RequestMappingHandlerAdapter.invokeHandlerMethod(RequestMappingHandlerAdapter.java:827)
	at org.springframework.web.servlet.mvc.method.annotation.RequestMappingHandlerAdapter.handleInternal(RequestMappingHandlerAdapter.java:738)
	at org.springframework.web.servlet.mvc.method.AbstractHandlerMethodAdapter.handle(AbstractHandlerMethodAdapter.java:85)
	at org.springframework.web.servlet.DispatcherServlet.doDispatch(DispatcherServlet.java:967)
	at org.springframework.web.servlet.DispatcherServlet.doService(DispatcherServlet.java:901)
	at org.springframework.web.servlet.FrameworkServlet.processRequest(FrameworkServlet.java:970)
	at org.springframework.web.servlet.FrameworkServlet.doGet(FrameworkServlet.java:861)
	at javax.servlet.http.HttpServlet.service(HttpServlet.java:621)
	at org.springframework.web.servlet.FrameworkServlet.service(FrameworkServlet.java:846)
	at javax.servlet.http.HttpServlet.service(HttpServlet.java:728)
	at org.apache.catalina.core.ApplicationFilterChain.internalDoFilter(ApplicationFilterChain.java:305)
	at org.apache.catalina.core.ApplicationFilterChain.doFilter(ApplicationFilterChain.java:210)
	at org.apache.tomcat.websocket.server.WsFilter.doFilter(WsFilter.java:51)
	at org.apache.catalina.core.ApplicationFilterChain.internalDoFilter(ApplicationFilterChain.java:243)
	at org.apache.catalina.core.ApplicationFilterChain.doFilter(ApplicationFilterChain.java:210)
	at org.apache.catalina.core.StandardWrapperValve.invoke(StandardWrapperValve.java:222)
	at org.apache.catalina.core.StandardContextValve.invoke(StandardContextValve.java:123)
	at org.apache.catalina.authenticator.AuthenticatorBase.invoke(AuthenticatorBase.java:502)
	at org.apache.catalina.core.StandardHostValve.invoke(StandardHostValve.java:171)
	at org.apache.catalina.valves.ErrorReportValve.invoke(ErrorReportValve.java:100)
	at org.apache.catalina.valves.AccessLogValve.invoke(AccessLogValve.java:953)
	at org.apache.catalina.core.StandardEngineValve.invoke(StandardEngineValve.java:118)
	at org.apache.catalina.connector.CoyoteAdapter.service(CoyoteAdapter.java:408)
	at org.apache.coyote.http11.AbstractHttp11Processor.process(AbstractHttp11Processor.java:1041)
	at org.apache.coyote.AbstractProtocol$AbstractConnectionHandler.process(AbstractProtocol.java:603)
	at org.apache.tomcat.util.net.JIoEndpoint$SocketProcessor.run(JIoEndpoint.java:312)
	at java.util.concurrent.ThreadPoolExecutor.runWorker(ThreadPoolExecutor.java:1149)
	at java.util.concurrent.ThreadPoolExecutor$Worker.run(ThreadPoolExecutor.java:624)
	at java.lang.Thread.run(Thread.java:748)
2018-09-14 10:43:26,294 ERROR [org.springframework.transaction.support.TransactionSynchronizationUtils.invokeAfterCompletion] - TransactionSynchronization.afterCompletion threw exception
org.springframework.dao.InvalidDataAccessApiUsageException: No ongoing transaction. Did you forget to call multi?
	at org.springframework.data.redis.connection.jedis.JedisConnection.exec(JedisConnection.java:756)
	at sun.reflect.NativeMethodAccessorImpl.invoke0(Native Method)
	at sun.reflect.NativeMethodAccessorImpl.invoke(NativeMethodAccessorImpl.java:62)
	at sun.reflect.DelegatingMethodAccessorImpl.invoke(DelegatingMethodAccessorImpl.java:43)
	at java.lang.reflect.Method.invoke(Method.java:498)
	at org.springframework.data.redis.core.RedisConnectionUtils$ConnectionSplittingInterceptor.invoke(RedisConnectionUtils.java:357)
	at org.springframework.data.redis.core.RedisConnectionUtils$ConnectionSplittingInterceptor.intercept(RedisConnectionUtils.java:335)
	at org.springframework.data.redis.core.RedisConnectionUtils$ConnectionSplittingInterceptor.invoke(RedisConnectionUtils.java:365)
	at org.springframework.aop.framework.ReflectiveMethodInvocation.proceed(ReflectiveMethodInvocation.java:179)
	at org.springframework.aop.framework.JdkDynamicAopProxy.invoke(JdkDynamicAopProxy.java:213)
	at com.sun.proxy.$Proxy63.exec(Unknown Source)
	at org.springframework.data.redis.core.RedisConnectionUtils$RedisTransactionSynchronizer.afterCompletion(RedisConnectionUtils.java:290)
	at org.springframework.transaction.support.TransactionSynchronizationUtils.invokeAfterCompletion(TransactionSynchronizationUtils.java:168)
	at org.springframework.transaction.support.AbstractPlatformTransactionManager.invokeAfterCompletion(AbstractPlatformTransactionManager.java:1002)
	at org.springframework.transaction.support.AbstractPlatformTransactionManager.triggerAfterCompletion(AbstractPlatformTransactionManager.java:977)
	at org.springframework.transaction.support.AbstractPlatformTransactionManager.processCommit(AbstractPlatformTransactionManager.java:806)
	at org.springframework.transaction.support.AbstractPlatformTransactionManager.commit(AbstractPlatformTransactionManager.java:730)
	at org.springframework.transaction.interceptor.TransactionAspectSupport.commitTransactionAfterReturning(TransactionAspectSupport.java:518)
	at org.springframework.transaction.interceptor.TransactionAspectSupport.invokeWithinTransaction(TransactionAspectSupport.java:292)
	at org.springframework.transaction.interceptor.TransactionInterceptor.invoke(TransactionInterceptor.java:96)
	at org.springframework.aop.framework.ReflectiveMethodInvocation.proceed(ReflectiveMethodInvocation.java:179)
	at org.springframework.aop.framework.JdkDynamicAopProxy.invoke(JdkDynamicAopProxy.java:213)
	at com.sun.proxy.$Proxy51.getAllUser(Unknown Source)
	at com.ssm.controller.UserController.delUser(UserController.java:80)
	at sun.reflect.NativeMethodAccessorImpl.invoke0(Native Method)
	at sun.reflect.NativeMethodAccessorImpl.invoke(NativeMethodAccessorImpl.java:62)
	at sun.reflect.DelegatingMethodAccessorImpl.invoke(DelegatingMethodAccessorImpl.java:43)
	at java.lang.reflect.Method.invoke(Method.java:498)
	at org.springframework.web.method.support.InvocableHandlerMethod.doInvoke(InvocableHandlerMethod.java:205)
	at org.springframework.web.method.support.InvocableHandlerMethod.invokeForRequest(InvocableHandlerMethod.java:133)
	at org.springframework.web.servlet.mvc.method.annotation.ServletInvocableHandlerMethod.invokeAndHandle(ServletInvocableHandlerMethod.java:97)
	at org.springframework.web.servlet.mvc.method.annotation.RequestMappingHandlerAdapter.invokeHandlerMethod(RequestMappingHandlerAdapter.java:827)
	at org.springframework.web.servlet.mvc.method.annotation.RequestMappingHandlerAdapter.handleInternal(RequestMappingHandlerAdapter.java:738)
	at org.springframework.web.servlet.mvc.method.AbstractHandlerMethodAdapter.handle(AbstractHandlerMethodAdapter.java:85)
	at org.springframework.web.servlet.DispatcherServlet.doDispatch(DispatcherServlet.java:967)
	at org.springframework.web.servlet.DispatcherServlet.doService(DispatcherServlet.java:901)
	at org.springframework.web.servlet.FrameworkServlet.processRequest(FrameworkServlet.java:970)
	at org.springframework.web.servlet.FrameworkServlet.doGet(FrameworkServlet.java:861)
	at javax.servlet.http.HttpServlet.service(HttpServlet.java:621)
	at org.springframework.web.servlet.FrameworkServlet.service(FrameworkServlet.java:846)
	at javax.servlet.http.HttpServlet.service(HttpServlet.java:728)
	at org.apache.catalina.core.ApplicationFilterChain.internalDoFilter(ApplicationFilterChain.java:305)
	at org.apache.catalina.core.ApplicationFilterChain.doFilter(ApplicationFilterChain.java:210)
	at org.apache.tomcat.websocket.server.WsFilter.doFilter(WsFilter.java:51)
	at org.apache.catalina.core.ApplicationFilterChain.internalDoFilter(ApplicationFilterChain.java:243)
	at org.apache.catalina.core.ApplicationFilterChain.doFilter(ApplicationFilterChain.java:210)
	at org.apache.catalina.core.StandardWrapperValve.invoke(StandardWrapperValve.java:222)
	at org.apache.catalina.core.StandardContextValve.invoke(StandardContextValve.java:123)
	at org.apache.catalina.authenticator.AuthenticatorBase.invoke(AuthenticatorBase.java:502)
	at org.apache.catalina.core.StandardHostValve.invoke(StandardHostValve.java:171)
	at org.apache.catalina.valves.ErrorReportValve.invoke(ErrorReportValve.java:100)
	at org.apache.catalina.valves.AccessLogValve.invoke(AccessLogValve.java:953)
	at org.apache.catalina.core.StandardEngineValve.invoke(StandardEngineValve.java:118)
	at org.apache.catalina.connector.CoyoteAdapter.service(CoyoteAdapter.java:408)
	at org.apache.coyote.http11.AbstractHttp11Processor.process(AbstractHttp11Processor.java:1041)
	at org.apache.coyote.AbstractProtocol$AbstractConnectionHandler.process(AbstractProtocol.java:603)
	at org.apache.tomcat.util.net.JIoEndpoint$SocketProcessor.run(JIoEndpoint.java:310)
	at java.util.concurrent.ThreadPoolExecutor.runWorker(ThreadPoolExecutor.java:1149)
	at java.util.concurrent.ThreadPoolExecutor$Worker.run(ThreadPoolExecutor.java:624)
	at java.lang.Thread.run(Thread.java:748)
2018-09-14 11:02:04,783 INFO [org.springframework.web.context.ContextLoader.initWebApplicationContext] - Root WebApplicationContext: initialization started
2018-09-14 11:02:04,847 INFO [org.springframework.web.context.support.XmlWebApplicationContext.prepareRefresh] - Refreshing Root WebApplicationContext: startup date [Fri Sep 14 11:02:04 CST 2018]; root of context hierarchy
2018-09-14 11:02:04,904 INFO [org.springframework.beans.factory.xml.XmlBeanDefinitionReader.loadBeanDefinitions] - Loading XML bean definitions from class path resource [spring-context.xml]
2018-09-14 11:02:05,123 INFO [org.springframework.beans.factory.support.DefaultListableBeanFactory.registerBeanDefinition] - Overriding bean definition for bean 'redisCacheConfig' with a different definition: replacing [Generic bean: class [com.ssm.utils.RedisCacheConfig]; scope=singleton; abstract=false; lazyInit=false; autowireMode=0; dependencyCheck=0; autowireCandidate=true; primary=false; factoryBeanName=null; factoryMethodName=null; initMethodName=null; destroyMethodName=null; defined in file [D:\workspace\maven_ssm\target\classes\com\ssm\utils\RedisCacheConfig.class]] with [Generic bean: class [com.ssm.utils.RedisCacheConfig]; scope=; abstract=false; lazyInit=false; autowireMode=0; dependencyCheck=0; autowireCandidate=true; primary=false; factoryBeanName=null; factoryMethodName=null; initMethodName=null; destroyMethodName=null; defined in class path resource [spring-context.xml]]
2018-09-14 11:02:05,415 INFO [org.springframework.beans.factory.annotation.AutowiredAnnotationBeanPostProcessor.<init>] - JSR-330 'javax.inject.Inject' annotation found and supported for autowiring
2018-09-14 11:02:06,139 INFO [com.mchange.v2.log.MLog.log] - MLog clients using slf4j logging.
2018-09-14 11:02:06,185 INFO [com.mchange.v2.c3p0.C3P0Registry.log] - Initializing c3p0-0.9.5.2 [built 08-December-2015 22:06:04 -0800; debug? true; trace: 10]
2018-09-14 11:02:06,689 INFO [org.springframework.web.context.ContextLoader.initWebApplicationContext] - Root WebApplicationContext: initialization completed in 1902 ms
2018-09-14 11:02:06,717 INFO [org.springframework.web.servlet.DispatcherServlet.initServletBean] - FrameworkServlet 'spring-mvc': initialization started
2018-09-14 11:02:06,722 INFO [org.springframework.web.context.support.XmlWebApplicationContext.prepareRefresh] - Refreshing WebApplicationContext for namespace 'spring-mvc-servlet': startup date [Fri Sep 14 11:02:06 CST 2018]; parent: Root WebApplicationContext
2018-09-14 11:02:06,727 INFO [org.springframework.beans.factory.xml.XmlBeanDefinitionReader.loadBeanDefinitions] - Loading XML bean definitions from class path resource [spring-mvc.xml]
2018-09-14 11:02:06,861 INFO [org.springframework.beans.factory.annotation.AutowiredAnnotationBeanPostProcessor.<init>] - JSR-330 'javax.inject.Inject' annotation found and supported for autowiring
2018-09-14 11:02:07,028 INFO [org.springframework.web.servlet.mvc.method.annotation.RequestMappingHandlerMapping.register] - Mapped "{[/login]}" onto public java.lang.String com.ssm.controller.LoginController.login(java.lang.String,java.lang.String)
2018-09-14 11:02:07,029 INFO [org.springframework.web.servlet.mvc.method.annotation.RequestMappingHandlerMapping.register] - Mapped "{[/hello]}" onto public java.lang.String com.ssm.controller.LoginController.hello()
2018-09-14 11:02:07,033 INFO [org.springframework.web.servlet.mvc.method.annotation.RequestMappingHandlerMapping.register] - Mapped "{[/UserCRUD/addUser],methods=[GET]}" onto public org.springframework.ui.ModelMap com.ssm.controller.UserController.addUser(java.lang.String,java.lang.String,int)
2018-09-14 11:02:07,034 INFO [org.springframework.web.servlet.mvc.method.annotation.RequestMappingHandlerMapping.register] - Mapped "{[/UserCRUD/editUser],methods=[POST]}" onto public org.springframework.web.servlet.ModelAndView com.ssm.controller.UserController.editUser(java.lang.String,java.lang.String,int,int)
2018-09-14 11:02:07,036 INFO [org.springframework.web.servlet.mvc.method.annotation.RequestMappingHandlerMapping.register] - Mapped "{[/UserCRUD/search],methods=[POST]}" onto public java.util.List<com.ssm.domain.User> com.ssm.controller.UserController.findUsers(org.springframework.ui.Model,java.lang.String)
2018-09-14 11:02:07,037 INFO [org.springframework.web.servlet.mvc.method.annotation.RequestMappingHandlerMapping.register] - Mapped "{[/UserCRUD/showUser],methods=[GET]}" onto public java.util.List<com.ssm.domain.User> com.ssm.controller.UserController.showUsers(org.springframework.ui.Model)
2018-09-14 11:02:07,037 INFO [org.springframework.web.servlet.mvc.method.annotation.RequestMappingHandlerMapping.register] - Mapped "{[/UserCRUD/delUser/{userID}],methods=[GET]}" onto public java.util.List<com.ssm.domain.User> com.ssm.controller.UserController.delUser(int)
2018-09-14 11:02:07,140 INFO [org.springframework.web.servlet.mvc.method.annotation.RequestMappingHandlerAdapter.initControllerAdviceCache] - Looking for @ControllerAdvice: WebApplicationContext for namespace 'spring-mvc-servlet': startup date [Fri Sep 14 11:02:06 CST 2018]; parent: Root WebApplicationContext
2018-09-14 11:02:07,201 INFO [org.springframework.web.servlet.mvc.method.annotation.RequestMappingHandlerAdapter.initControllerAdviceCache] - Looking for @ControllerAdvice: WebApplicationContext for namespace 'spring-mvc-servlet': startup date [Fri Sep 14 11:02:06 CST 2018]; parent: Root WebApplicationContext
2018-09-14 11:02:07,348 INFO [org.springframework.web.servlet.DispatcherServlet.initServletBean] - FrameworkServlet 'spring-mvc': initialization completed in 628 ms
2018-09-14 11:02:29,671 INFO [com.mchange.v2.c3p0.impl.AbstractPoolBackedDataSource.log] - Initializing c3p0 pool... com.mchange.v2.c3p0.ComboPooledDataSource [ acquireIncrement -> 1, acquireRetryAttempts -> 30, acquireRetryDelay -> 1000, autoCommitOnClose -> false, automaticTestTable -> null, breakAfterAcquireFailure -> false, checkoutTimeout -> 0, connectionCustomizerClassName -> null, connectionTesterClassName -> com.mchange.v2.c3p0.impl.DefaultConnectionTester, contextClassLoaderSource -> caller, dataSourceName -> 1hgevb59x1ndvc691i94f9b|2457cfcd, debugUnreturnedConnectionStackTraces -> false, description -> null, driverClass -> com.mysql.jdbc.Driver, extensions -> {}, factoryClassLocation -> null, forceIgnoreUnresolvedTransactions -> false, forceSynchronousCheckins -> false, forceUseNamedDriverClass -> false, identityToken -> 1hgevb59x1ndvc691i94f9b|2457cfcd, idleConnectionTestPeriod -> 0, initialPoolSize -> 5, jdbcUrl -> jdbc:mysql://127.0.0.1:3306/test?useUnicode=true&characterEncoding=utf8, maxAdministrativeTaskTime -> 0, maxConnectionAge -> 0, maxIdleTime -> 0, maxIdleTimeExcessConnections -> 0, maxPoolSize -> 20, maxStatements -> 0, maxStatementsPerConnection -> 0, minPoolSize -> 5, numHelperThreads -> 3, preferredTestQuery -> null, privilegeSpawnedThreads -> false, properties -> {user=******, password=******}, propertyCycle -> 0, statementCacheNumDeferredCloseThreads -> 0, testConnectionOnCheckin -> false, testConnectionOnCheckout -> false, unreturnedConnectionTimeout -> 0, userOverrides -> {}, usesTraditionalReflectiveProxies -> false ]
2018-09-14 11:06:32,722 WARN [org.springframework.web.servlet.PageNotFound.noHandlerFound] - No mapping found for HTTP request with URI [/maven_ssm/UserCRUD/findUser.do] in DispatcherServlet with name 'spring-mvc'
2018-09-14 11:06:56,436 WARN [org.springframework.web.servlet.PageNotFound.handleHttpRequestMethodNotSupported] - Request method 'GET' not supported
2018-09-14 11:12:28,913 WARN [org.springframework.web.servlet.PageNotFound.handleHttpRequestMethodNotSupported] - Request method 'VIEW' not supported
2018-09-14 11:12:49,542 WARN [org.springframework.web.servlet.PageNotFound.handleHttpRequestMethodNotSupported] - Request method 'VIEW' not supported
